<?xml version="1.0" encoding="utf-8"?><testsuites name="pytest tests"><testsuite name="pytest" errors="0" failures="0" skipped="0" tests="22" time="3.622" timestamp="2026-08-11T17:17:38.865563+00:00" hostname="agent-env-a2916b2d-d6c8-4347-b00e-8b37d0988507"><testcase classname="tests.backend_test.TestAuth" name="test_login_success" time="0.459" /><testcase classname="tests.backend_test.TestEnquiries" name="test_public_create[free_trial]" time="0.463" /><testcase classname="tests.backend_test.TestAuth" name="test_login_wrong_password" time="0.350" /><testcase classname="tests.backend_test.TestEnquiries" name="test_public_create[corporate]" time="0.381" /><testcase classname="tests.backend_test.TestAuth" name="test_me_unauth" time="0.123" /><testcase classname="tests.backend_test.TestEnquiries" name="test_public_create[institutional]" time="0.148" /><testcase classname="tests.backend_test.TestEnquiries" name="test_public_create[general]" time="0.297" /><testcase classname="tests.backend_test.TestAuth" name="test_me_auth" time="0.424" /><testcase classname="tests.backend_test.TestEnquiries" name="test_list_requires_auth" time="0.103" /><testcase classname="tests.backend_test.TestWorkshops" name="test_public_list_published" time="0.137" /><testcase classname="tests.backend_test.TestWorkshops" name="test_all_requires_no_auth_but_returns_all" time="0.244" /><testcase classname="tests.backend_test.TestWorkshops" name="test_create_requires_auth" time="0.118" /><testcase classname="tests.backend_test.TestEnquiries" name="test_list_authed" time="0.450" /><testcase classname="tests.backend_test.TestEnquiries" name="test_patch_status_and_delete" time="0.368" /><testcase classname="tests.backend_test.TestWorkshops" name="test_crud_flow" time="0.806" /><testcase classname="tests.backend_test.TestEnquiries" name="test_csv_export" time="0.110" /><testcase classname="tests.backend_test.TestContent" name="test_get_defaults" time="0.101" /><testcase classname="tests.backend_test.TestContent" name="test_put_requires_auth" time="0.165" /><testcase classname="tests.backend_test.TestContent" name="test_upsert" time="0.186" /><testcase classname="tests.backend_test.TestGallery" name="test_public_list" time="0.144" /><testcase classname="tests.backend_test.TestGallery" name="test_create_requires_auth" time="0.113" /><testcase classname="tests.backend_test.TestGallery" name="test_create_and_delete" time="0.133" /></testsuite></testsuites>